# JRE version: OpenJDK Runtime Environment (11.0.10) (build 11.0.10+0-b96-7249189)
# Java VM: OpenJDK 64-Bit Server VM (11.0.10+0-b96-7249189, mixed mode, tiered, compressed oops, g1 gc, windows-amd64)
Heap:
 garbage-first heap   total 405504K, used 160597K [0x0000000080000000, 0x0000000100000000)
  region size 1024K, 34 young (34816K), 3 survivors (3072K)
 Metaspace       used 107124K, capacity 109712K, committed 109952K, reserved 1144832K
  class space    used 13488K, capacity 14440K, committed 14464K, reserved 1048576K
GC Heap History (20 events):
Event: 42.040 GC heap before
{Heap before GC invocations=70 (full 0):
 garbage-first heap   total 224256K, used 167568K [0x0000000080000000, 0x0000000100000000)
  region size 1024K, 77 young (78848K), 4 survivors (4096K)
 Metaspace       used 94969K, capacity 97189K, committed 97536K, reserved 1134592K
  class space    used 11886K, capacity 12686K, committed 12800K, reserved 1048576K
}
Event: 42.058 GC heap after
{Heap after GC invocations=71 (full 0):
 garbage-first heap   total 224256K, used 96127K [0x0000000080000000, 0x0000000100000000)
  region size 1024K, 6 young (6144K), 6 survivors (6144K)
 Metaspace       used 94969K, capacity 97189K, committed 97536K, reserved 1134592K
  class space    used 11886K, capacity 12686K, committed 12800K, reserved 1048576K
}
Event: 42.082 GC heap before
{Heap before GC invocations=71 (full 0):
 garbage-first heap   total 224256K, used 99199K [0x0000000080000000, 0x0000000100000000)
  region size 1024K, 10 young (10240K), 6 survivors (6144K)
 Metaspace       used 94972K, capacity 97189K, committed 97536K, reserved 1134592K
  class space    used 11886K, capacity 12686K, committed 12800K, reserved 1048576K
}
Event: 42.109 GC heap after
{Heap after GC invocations=72 (full 0):
 garbage-first heap   total 224256K, used 91760K [0x0000000080000000, 0x0000000100000000)
  region size 1024K, 1 young (1024K), 1 survivors (1024K)
 Metaspace       used 94972K, capacity 97189K, committed 97536K, reserved 1134592K
  class space    used 11886K, capacity 12686K, committed 12800K, reserved 1048576K
}
Event: 42.578 GC heap before
{Heap before GC invocations=72 (full 0):
 garbage-first heap   total 224256K, used 174704K [0x0000000080000000, 0x0000000100000000)
  region size 1024K, 82 young (83968K), 1 survivors (1024K)
 Metaspace       used 94977K, capacity 97189K, committed 97536K, reserved 1134592K
  class space    used 11886K, capacity 12686K, committed 12800K, reserved 1048576K
}
Event: 42.584 GC heap after
{Heap after GC invocations=73 (full 0):
 garbage-first heap   total 224256K, used 91533K [0x0000000080000000, 0x0000000100000000)
  region size 1024K, 1 young (1024K), 1 survivors (1024K)
 Metaspace       used 94977K, capacity 97189K, committed 97536K, reserved 1134592K
  class space    used 11886K, capacity 12686K, committed 12800K, reserved 1048576K
}
Event: 43.218 GC heap before
{Heap before GC invocations=73 (full 0):
 garbage-first heap   total 224256K, used 183693K [0x0000000080000000, 0x0000000100000000)
  region size 1024K, 90 young (92160K), 1 survivors (1024K)
 Metaspace       used 95914K, capacity 98131K, committed 98432K, reserved 1134592K
  class space    used 12025K, capacity 12806K, committed 12928K, reserved 1048576K
}
Event: 43.243 GC heap after
{Heap after GC invocations=74 (full 0):
 garbage-first heap   total 224256K, used 99668K [0x0000000080000000, 0x0000000100000000)
  region size 1024K, 9 young (9216K), 9 survivors (9216K)
 Metaspace       used 95914K, capacity 98131K, committed 98432K, reserved 1134592K
  class space    used 12025K, capacity 12806K, committed 12928K, reserved 1048576K
}
Event: 44.271 GC heap before
{Heap before GC invocations=74 (full 0):
 garbage-first heap   total 224256K, used 179540K [0x0000000080000000, 0x0000000100000000)
  region size 1024K, 88 young (90112K), 9 survivors (9216K)
 Metaspace       used 100036K, capacity 102270K, committed 102528K, reserved 1138688K
  class space    used 12570K, capacity 13376K, committed 13440K, reserved 1048576K
}
Event: 44.360 GC heap after
{Heap after GC invocations=75 (full 0):
 garbage-first heap   total 269312K, used 112709K [0x0000000080000000, 0x0000000100000000)
  region size 1024K, 11 young (11264K), 11 survivors (11264K)
 Metaspace       used 100036K, capacity 102270K, committed 102528K, reserved 1138688K
  class space    used 12570K, capacity 13376K, committed 13440K, reserved 1048576K
}
Event: 46.055 GC heap before
{Heap before GC invocations=75 (full 0):
 garbage-first heap   total 269312K, used 207941K [0x0000000080000000, 0x0000000100000000)
  region size 1024K, 104 young (106496K), 11 survivors (11264K)
 Metaspace       used 105421K, capacity 107928K, committed 108032K, reserved 1142784K
  class space    used 13388K, capacity 14312K, committed 14336K, reserved 1048576K
}
Event: 46.118 GC heap after
{Heap after GC invocations=76 (full 0):
 garbage-first heap   total 269312K, used 123313K [0x0000000080000000, 0x0000000100000000)
  region size 1024K, 12 young (12288K), 12 survivors (12288K)
 Metaspace       used 105421K, capacity 107928K, committed 108032K, reserved 1142784K
  class space    used 13388K, capacity 14312K, committed 14336K, reserved 1048576K
}
Event: 47.775 GC heap before
{Heap before GC invocations=76 (full 0):
 garbage-first heap   total 269312K, used 212401K [0x0000000080000000, 0x0000000100000000)
  region size 1024K, 99 young (101376K), 12 survivors (12288K)
 Metaspace       used 106634K, capacity 109141K, committed 109440K, reserved 1144832K
  class space    used 13453K, capacity 14387K, committed 14464K, reserved 1048576K
}
Event: 47.802 GC heap after
{Heap after GC invocations=77 (full 0):
 garbage-first heap   total 269312K, used 126837K [0x0000000080000000, 0x0000000100000000)
  region size 1024K, 4 young (4096K), 4 survivors (4096K)
 Metaspace       used 106634K, capacity 109141K, committed 109440K, reserved 1144832K
  class space    used 13453K, capacity 14387K, committed 14464K, reserved 1048576K
}
Event: 48.438 GC heap before
{Heap before GC invocations=77 (full 0):
 garbage-first heap   total 269312K, used 215925K [0x0000000080000000, 0x0000000100000000)
  region size 1024K, 91 young (93184K), 4 survivors (4096K)
 Metaspace       used 106933K, capacity 109452K, committed 109696K, reserved 1144832K
  class space    used 13470K, capacity 14423K, committed 14464K, reserved 1048576K
}
Event: 48.461 GC heap after
{Heap after GC invocations=78 (full 0):
 garbage-first heap   total 269312K, used 127448K [0x0000000080000000, 0x0000000100000000)
  region size 1024K, 4 young (4096K), 4 survivors (4096K)
 Metaspace       used 106933K, capacity 109452K, committed 109696K, reserved 1144832K
  class space    used 13470K, capacity 14423K, committed 14464K, reserved 1048576K
}
Event: 49.452 GC heap before
{Heap before GC invocations=79 (full 0):
 garbage-first heap   total 269312K, used 219608K [0x0000000080000000, 0x0000000100000000)
  region size 1024K, 94 young (96256K), 4 survivors (4096K)
 Metaspace       used 106990K, capacity 109591K, committed 109696K, reserved 1144832K
  class space    used 13477K, capacity 14424K, committed 14464K, reserved 1048576K
}
Event: 49.467 GC heap after
{Heap after GC invocations=80 (full 0):
 garbage-first heap   total 405504K, used 128285K [0x0000000080000000, 0x0000000100000000)
  region size 1024K, 5 young (5120K), 5 survivors (5120K)
 Metaspace       used 106990K, capacity 109591K, committed 109696K, reserved 1144832K
  class space    used 13477K, capacity 14424K, committed 14464K, reserved 1048576K
}
Event: 49.624 GC heap before
{Heap before GC invocations=80 (full 0):
 garbage-first heap   total 405504K, used 142621K [0x0000000080000000, 0x0000000100000000)
  region size 1024K, 19 young (19456K), 5 survivors (5120K)
 Metaspace       used 106996K, capacity 109591K, committed 109696K, reserved 1144832K
  class space    used 13477K, capacity 14424K, committed 14464K, reserved 1048576K
}
Event: 49.631 GC heap after
{Heap after GC invocations=81 (full 0):
 garbage-first heap   total 405504K, used 128506K [0x0000000080000000, 0x0000000100000000)
  region size 1024K, 2 young (2048K), 2 survivors (2048K)
 Metaspace       used 106996K, capacity 109591K, committed 109696K, reserved 1144832K
  class space    used 13477K, capacity 14424K, committed 14464K, reserved 1048576K
}

