# JRE version: OpenJDK Runtime Environment (11.0.10) (build 11.0.10+0-b96-7249189)
# Java VM: OpenJDK 64-Bit Server VM (11.0.10+0-b96-7249189, mixed mode, tiered, compressed oops, g1 gc, windows-amd64)
Heap:
 garbage-first heap   total 328704K, used 211202K [0x0000000080000000, 0x0000000100000000)
  region size 1024K, 35 young (35840K), 7 survivors (7168K)
 Metaspace       used 95965K, capacity 98494K, committed 98636K, reserved 1134592K
  class space    used 12627K, capacity 13571K, committed 13696K, reserved 1048576K
GC Heap History (20 events):
Event: 18.852 GC heap before
{Heap before GC invocations=55 (full 0):
 garbage-first heap   total 155648K, used 120336K [0x0000000080000000, 0x0000000100000000)
  region size 1024K, 54 young (55296K), 5 survivors (5120K)
 Metaspace       used 82121K, capacity 84279K, committed 84556K, reserved 1122304K
  class space    used 10744K, capacity 11541K, committed 11648K, reserved 1048576K
}
Event: 18.867 GC heap after
{Heap after GC invocations=56 (full 0):
 garbage-first heap   total 155648K, used 74822K [0x0000000080000000, 0x0000000100000000)
  region size 1024K, 7 young (7168K), 7 survivors (7168K)
 Metaspace       used 82121K, capacity 84279K, committed 84556K, reserved 1122304K
  class space    used 10744K, capacity 11541K, committed 11648K, reserved 1048576K
}
Event: 20.116 GC heap before
{Heap before GC invocations=56 (full 0):
 garbage-first heap   total 155648K, used 122950K [0x0000000080000000, 0x0000000100000000)
  region size 1024K, 55 young (56320K), 7 survivors (7168K)
 Metaspace       used 83707K, capacity 85965K, committed 86220K, reserved 1124352K
  class space    used 10858K, capacity 11681K, committed 11776K, reserved 1048576K
}
Event: 20.134 GC heap after
{Heap after GC invocations=57 (full 0):
 garbage-first heap   total 155648K, used 77869K [0x0000000080000000, 0x0000000100000000)
  region size 1024K, 7 young (7168K), 7 survivors (7168K)
 Metaspace       used 83707K, capacity 85965K, committed 86220K, reserved 1124352K
  class space    used 10858K, capacity 11681K, committed 11776K, reserved 1048576K
}
Event: 20.673 GC heap before
{Heap before GC invocations=57 (full 0):
 garbage-first heap   total 155648K, used 124973K [0x0000000080000000, 0x0000000100000000)
  region size 1024K, 54 young (55296K), 7 survivors (7168K)
 Metaspace       used 84865K, capacity 87145K, committed 87372K, reserved 1124352K
  class space    used 11000K, capacity 11847K, committed 11904K, reserved 1048576K
}
Event: 20.692 GC heap after
{Heap after GC invocations=58 (full 0):
 garbage-first heap   total 155648K, used 79931K [0x0000000080000000, 0x0000000100000000)
  region size 1024K, 6 young (6144K), 6 survivors (6144K)
 Metaspace       used 84865K, capacity 87145K, committed 87372K, reserved 1124352K
  class space    used 11000K, capacity 11847K, committed 11904K, reserved 1048576K
}
Event: 21.217 GC heap before
{Heap before GC invocations=59 (full 0):
 garbage-first heap   total 155648K, used 127035K [0x0000000080000000, 0x0000000100000000)
  region size 1024K, 53 young (54272K), 6 survivors (6144K)
 Metaspace       used 86500K, capacity 88799K, committed 89164K, reserved 1126400K
  class space    used 11204K, capacity 12034K, committed 12160K, reserved 1048576K
}
Event: 21.231 GC heap after
{Heap after GC invocations=60 (full 0):
 garbage-first heap   total 187392K, used 81960K [0x0000000080000000, 0x0000000100000000)
  region size 1024K, 5 young (5120K), 5 survivors (5120K)
 Metaspace       used 86500K, capacity 88799K, committed 89164K, reserved 1126400K
  class space    used 11204K, capacity 12034K, committed 12160K, reserved 1048576K
}
Event: 21.360 GC heap before
{Heap before GC invocations=60 (full 0):
 garbage-first heap   total 187392K, used 93224K [0x0000000080000000, 0x0000000100000000)
  region size 1024K, 13 young (13312K), 5 survivors (5120K)
 Metaspace       used 87059K, capacity 89245K, committed 89420K, reserved 1126400K
  class space    used 11270K, capacity 12072K, committed 12160K, reserved 1048576K
}
Event: 21.368 GC heap after
{Heap after GC invocations=61 (full 0):
 garbage-first heap   total 187392K, used 87668K [0x0000000080000000, 0x0000000100000000)
  region size 1024K, 5 young (5120K), 5 survivors (5120K)
 Metaspace       used 87059K, capacity 89245K, committed 89420K, reserved 1126400K
  class space    used 11270K, capacity 12072K, committed 12160K, reserved 1048576K
}
Event: 22.098 GC heap before
{Heap before GC invocations=62 (full 0):
 garbage-first heap   total 187392K, used 117364K [0x0000000080000000, 0x0000000100000000)
  region size 1024K, 31 young (31744K), 5 survivors (5120K)
 Metaspace       used 90305K, capacity 92411K, committed 93004K, reserved 1130496K
  class space    used 11658K, capacity 12445K, committed 12672K, reserved 1048576K
}
Event: 22.117 GC heap after
{Heap after GC invocations=63 (full 0):
 garbage-first heap   total 187392K, used 97943K [0x0000000080000000, 0x0000000100000000)
  region size 1024K, 8 young (8192K), 8 survivors (8192K)
 Metaspace       used 90305K, capacity 92411K, committed 93004K, reserved 1130496K
  class space    used 11658K, capacity 12445K, committed 12672K, reserved 1048576K
}
Event: 22.451 GC heap before
{Heap before GC invocations=64 (full 0):
 garbage-first heap   total 187392K, used 156311K [0x0000000080000000, 0x0000000100000000)
  region size 1024K, 47 young (48128K), 8 survivors (8192K)
 Metaspace       used 90650K, capacity 92724K, committed 93260K, reserved 1130496K
  class space    used 11697K, capacity 12485K, committed 12672K, reserved 1048576K
}
Event: 22.580 GC heap after
{Heap after GC invocations=65 (full 0):
 garbage-first heap   total 187392K, used 123041K [0x0000000080000000, 0x0000000100000000)
  region size 1024K, 7 young (7168K), 7 survivors (7168K)
 Metaspace       used 90650K, capacity 92724K, committed 93260K, reserved 1130496K
  class space    used 11697K, capacity 12485K, committed 12672K, reserved 1048576K
}
Event: 23.083 GC heap before
{Heap before GC invocations=66 (full 0):
 garbage-first heap   total 187392K, used 152737K [0x0000000080000000, 0x0000000100000000)
  region size 1024K, 34 young (34816K), 7 survivors (7168K)
 Metaspace       used 92887K, capacity 95143K, committed 95180K, reserved 1132544K
  class space    used 12194K, capacity 13047K, committed 13056K, reserved 1048576K
}
Event: 23.114 GC heap after
{Heap after GC invocations=67 (full 0):
 garbage-first heap   total 187392K, used 135168K [0x0000000080000000, 0x0000000100000000)
  region size 1024K, 5 young (5120K), 5 survivors (5120K)
 Metaspace       used 92887K, capacity 95143K, committed 95180K, reserved 1132544K
  class space    used 12194K, capacity 13047K, committed 13056K, reserved 1048576K
}
Event: 23.218 GC heap before
{Heap before GC invocations=67 (full 0):
 garbage-first heap   total 187392K, used 154624K [0x0000000080000000, 0x0000000100000000)
  region size 1024K, 24 young (24576K), 5 survivors (5120K)
 Metaspace       used 92944K, capacity 95211K, committed 95436K, reserved 1132544K
  class space    used 12194K, capacity 13047K, committed 13056K, reserved 1048576K
}
Event: 23.246 GC heap after
{Heap after GC invocations=68 (full 0):
 garbage-first heap   total 328704K, used 145909K [0x0000000080000000, 0x0000000100000000)
  region size 1024K, 3 young (3072K), 3 survivors (3072K)
 Metaspace       used 92944K, capacity 95211K, committed 95436K, reserved 1132544K
  class space    used 12194K, capacity 13047K, committed 13056K, reserved 1048576K
}
Event: 24.102 GC heap before
{Heap before GC invocations=69 (full 0):
 garbage-first heap   total 328704K, used 205301K [0x0000000080000000, 0x0000000100000000)
  region size 1024K, 62 young (63488K), 3 survivors (3072K)
 Metaspace       used 94045K, capacity 96283K, committed 96460K, reserved 1132544K
  class space    used 12350K, capacity 13209K, committed 13312K, reserved 1048576K
}
Event: 24.153 GC heap after
{Heap after GC invocations=70 (full 0):
 garbage-first heap   total 328704K, used 174362K [0x0000000080000000, 0x0000000100000000)
  region size 1024K, 8 young (8192K), 8 survivors (8192K)
 Metaspace       used 94045K, capacity 96283K, committed 96460K, reserved 1132544K
  class space    used 12350K, capacity 13209K, committed 13312K, reserved 1048576K
}

