# JRE version: OpenJDK Runtime Environment (11.0.10) (build 11.0.10+0-b96-7249189)
# Java VM: OpenJDK 64-Bit Server VM (11.0.10+0-b96-7249189, mixed mode, tiered, compressed oops, g1 gc, windows-amd64)
Heap:
 garbage-first heap   total 118784K, used 67948K [0x00000000c4c00000, 0x0000000100000000)
  region size 1024K, 13 young (13312K), 2 survivors (2048K)
 Metaspace       used 61882K, capacity 62472K, committed 62720K, reserved 1105920K
  class space    used 6820K, capacity 7065K, committed 7168K, reserved 1048576K
GC Heap History (20 events):
Event: 7.423 GC heap before
{Heap before GC invocations=11 (full 0):
 garbage-first heap   total 73728K, used 52160K [0x00000000c4c00000, 0x0000000100000000)
  region size 1024K, 22 young (22528K), 2 survivors (2048K)
 Metaspace       used 45449K, capacity 45894K, committed 46080K, reserved 1089536K
  class space    used 5366K, capacity 5546K, committed 5632K, reserved 1048576K
}
Event: 7.439 GC heap after
{Heap after GC invocations=12 (full 0):
 garbage-first heap   total 73728K, used 35822K [0x00000000c4c00000, 0x0000000100000000)
  region size 1024K, 3 young (3072K), 3 survivors (3072K)
 Metaspace       used 45449K, capacity 45894K, committed 46080K, reserved 1089536K
  class space    used 5366K, capacity 5546K, committed 5632K, reserved 1048576K
}
Event: 7.624 GC heap before
{Heap before GC invocations=12 (full 0):
 garbage-first heap   total 73728K, used 53230K [0x00000000c4c00000, 0x0000000100000000)
  region size 1024K, 20 young (20480K), 3 survivors (3072K)
 Metaspace       used 46230K, capacity 46726K, committed 46848K, reserved 1091584K
  class space    used 5436K, capacity 5610K, committed 5632K, reserved 1048576K
}
Event: 7.634 GC heap after
{Heap after GC invocations=13 (full 0):
 garbage-first heap   total 73728K, used 36436K [0x00000000c4c00000, 0x0000000100000000)
  region size 1024K, 2 young (2048K), 2 survivors (2048K)
 Metaspace       used 46230K, capacity 46726K, committed 46848K, reserved 1091584K
  class space    used 5436K, capacity 5610K, committed 5632K, reserved 1048576K
}
Event: 7.895 GC heap before
{Heap before GC invocations=13 (full 0):
 garbage-first heap   total 73728K, used 53844K [0x00000000c4c00000, 0x0000000100000000)
  region size 1024K, 19 young (19456K), 2 survivors (2048K)
 Metaspace       used 47346K, capacity 47866K, committed 48000K, reserved 1091584K
  class space    used 5527K, capacity 5710K, committed 5760K, reserved 1048576K
}
Event: 7.908 GC heap after
{Heap after GC invocations=14 (full 0):
 garbage-first heap   total 73728K, used 39422K [0x00000000c4c00000, 0x0000000100000000)
  region size 1024K, 3 young (3072K), 3 survivors (3072K)
 Metaspace       used 47346K, capacity 47866K, committed 48000K, reserved 1091584K
  class space    used 5527K, capacity 5710K, committed 5760K, reserved 1048576K
}
Event: 8.381 GC heap before
{Heap before GC invocations=15 (full 0):
 garbage-first heap   total 73728K, used 55806K [0x00000000c4c00000, 0x0000000100000000)
  region size 1024K, 19 young (19456K), 3 survivors (3072K)
 Metaspace       used 49072K, capacity 49627K, committed 49920K, reserved 1093632K
  class space    used 5635K, capacity 5821K, committed 5888K, reserved 1048576K
}
Event: 8.404 GC heap after
{Heap after GC invocations=16 (full 0):
 garbage-first heap   total 89088K, used 42622K [0x00000000c4c00000, 0x0000000100000000)
  region size 1024K, 3 young (3072K), 3 survivors (3072K)
 Metaspace       used 49072K, capacity 49627K, committed 49920K, reserved 1093632K
  class space    used 5635K, capacity 5821K, committed 5888K, reserved 1048576K
}
Event: 8.439 GC heap before
{Heap before GC invocations=16 (full 0):
 garbage-first heap   total 89088K, used 43646K [0x00000000c4c00000, 0x0000000100000000)
  region size 1024K, 4 young (4096K), 3 survivors (3072K)
 Metaspace       used 49117K, capacity 49627K, committed 49920K, reserved 1093632K
  class space    used 5635K, capacity 5821K, committed 5888K, reserved 1048576K
}
Event: 8.449 GC heap after
{Heap after GC invocations=17 (full 0):
 garbage-first heap   total 89088K, used 43320K [0x00000000c4c00000, 0x0000000100000000)
  region size 1024K, 1 young (1024K), 1 survivors (1024K)
 Metaspace       used 49117K, capacity 49627K, committed 49920K, reserved 1093632K
  class space    used 5635K, capacity 5821K, committed 5888K, reserved 1048576K
}
Event: 8.844 GC heap before
{Heap before GC invocations=17 (full 0):
 garbage-first heap   total 89088K, used 63800K [0x00000000c4c00000, 0x0000000100000000)
  region size 1024K, 21 young (21504K), 1 survivors (1024K)
 Metaspace       used 49546K, capacity 50076K, committed 50176K, reserved 1093632K
  class space    used 5645K, capacity 5821K, committed 5888K, reserved 1048576K
}
Event: 8.863 GC heap after
{Heap after GC invocations=18 (full 0):
 garbage-first heap   total 89088K, used 46907K [0x00000000c4c00000, 0x0000000100000000)
  region size 1024K, 3 young (3072K), 3 survivors (3072K)
 Metaspace       used 49546K, capacity 50076K, committed 50176K, reserved 1093632K
  class space    used 5645K, capacity 5821K, committed 5888K, reserved 1048576K
}
Event: 9.201 GC heap before
{Heap before GC invocations=19 (full 0):
 garbage-first heap   total 89088K, used 65339K [0x00000000c4c00000, 0x0000000100000000)
  region size 1024K, 22 young (22528K), 3 survivors (3072K)
 Metaspace       used 51475K, capacity 51976K, committed 52224K, reserved 1095680K
  class space    used 5849K, capacity 6028K, committed 6144K, reserved 1048576K
}
Event: 9.217 GC heap after
{Heap after GC invocations=20 (full 0):
 garbage-first heap   total 89088K, used 48488K [0x00000000c4c00000, 0x0000000100000000)
  region size 1024K, 3 young (3072K), 3 survivors (3072K)
 Metaspace       used 51475K, capacity 51976K, committed 52224K, reserved 1095680K
  class space    used 5849K, capacity 6028K, committed 6144K, reserved 1048576K
}
Event: 9.913 GC heap before
{Heap before GC invocations=20 (full 0):
 garbage-first heap   total 89088K, used 65896K [0x00000000c4c00000, 0x0000000100000000)
  region size 1024K, 21 young (21504K), 3 survivors (3072K)
 Metaspace       used 53621K, capacity 54169K, committed 54272K, reserved 1097728K
  class space    used 6092K, capacity 6306K, committed 6400K, reserved 1048576K
}
Event: 9.928 GC heap after
{Heap after GC invocations=21 (full 0):
 garbage-first heap   total 118784K, used 51960K [0x00000000c4c00000, 0x0000000100000000)
  region size 1024K, 3 young (3072K), 3 survivors (3072K)
 Metaspace       used 53621K, capacity 54169K, committed 54272K, reserved 1097728K
  class space    used 6092K, capacity 6306K, committed 6400K, reserved 1048576K
}
Event: 11.121 GC heap before
{Heap before GC invocations=22 (full 0):
 garbage-first heap   total 118784K, used 80632K [0x00000000c4c00000, 0x0000000100000000)
  region size 1024K, 31 young (31744K), 3 survivors (3072K)
 Metaspace       used 56231K, capacity 56841K, committed 56960K, reserved 1099776K
  class space    used 6262K, capacity 6511K, committed 6528K, reserved 1048576K
}
Event: 11.139 GC heap after
{Heap after GC invocations=23 (full 0):
 garbage-first heap   total 118784K, used 56087K [0x00000000c4c00000, 0x0000000100000000)
  region size 1024K, 4 young (4096K), 4 survivors (4096K)
 Metaspace       used 56231K, capacity 56841K, committed 56960K, reserved 1099776K
  class space    used 6262K, capacity 6511K, committed 6528K, reserved 1048576K
}
Event: 11.991 GC heap before
{Heap before GC invocations=23 (full 0):
 garbage-first heap   total 118784K, used 83735K [0x00000000c4c00000, 0x0000000100000000)
  region size 1024K, 31 young (31744K), 4 survivors (4096K)
 Metaspace       used 61532K, capacity 62148K, committed 62464K, reserved 1103872K
  class space    used 6814K, capacity 7064K, committed 7168K, reserved 1048576K
}
Event: 12.008 GC heap after
{Heap after GC invocations=24 (full 0):
 garbage-first heap   total 118784K, used 57708K [0x00000000c4c00000, 0x0000000100000000)
  region size 1024K, 2 young (2048K), 2 survivors (2048K)
 Metaspace       used 61532K, capacity 62148K, committed 62464K, reserved 1103872K
  class space    used 6814K, capacity 7064K, committed 7168K, reserved 1048576K
}

