# JRE version: OpenJDK Runtime Environment (11.0.10) (build 11.0.10+0-b96-7249189)
# Java VM: OpenJDK 64-Bit Server VM (11.0.10+0-b96-7249189, mixed mode, tiered, compressed oops, g1 gc, windows-amd64)
Heap:
 garbage-first heap   total 292864K, used 177123K [0x0000000080000000, 0x0000000100000000)
  region size 1024K, 7 young (7168K), 7 survivors (7168K)
 Metaspace       used 103032K, capacity 105743K, committed 105984K, reserved 1140736K
  class space    used 13303K, capacity 14317K, committed 14336K, reserved 1048576K
GC Heap History (20 events):
Event: 26.413 GC heap after
{Heap after GC invocations=82 (full 0):
 garbage-first heap   total 225280K, used 121334K [0x0000000080000000, 0x0000000100000000)
  region size 1024K, 2 young (2048K), 2 survivors (2048K)
 Metaspace       used 99010K, capacity 101391K, committed 101632K, reserved 1136640K
  class space    used 12821K, capacity 13750K, committed 13824K, reserved 1048576K
}
Event: 26.814 GC heap before
{Heap before GC invocations=83 (full 0):
 garbage-first heap   total 225280K, used 193014K [0x0000000080000000, 0x0000000100000000)
  region size 1024K, 72 young (73728K), 2 survivors (2048K)
 Metaspace       used 99017K, capacity 101392K, committed 101632K, reserved 1136640K
  class space    used 12821K, capacity 13750K, committed 13824K, reserved 1048576K
}
Event: 26.819 GC heap after
{Heap after GC invocations=84 (full 0):
 garbage-first heap   total 225280K, used 121961K [0x0000000080000000, 0x0000000100000000)
  region size 1024K, 2 young (2048K), 2 survivors (2048K)
 Metaspace       used 99017K, capacity 101392K, committed 101632K, reserved 1136640K
  class space    used 12821K, capacity 13750K, committed 13824K, reserved 1048576K
}
Event: 26.871 GC heap before
{Heap before GC invocations=84 (full 0):
 garbage-first heap   total 225280K, used 131177K [0x0000000080000000, 0x0000000100000000)
  region size 1024K, 11 young (11264K), 2 survivors (2048K)
 Metaspace       used 99019K, capacity 101392K, committed 101632K, reserved 1136640K
  class space    used 12821K, capacity 13750K, committed 13824K, reserved 1048576K
}
Event: 26.876 GC heap after
{Heap after GC invocations=85 (full 0):
 garbage-first heap   total 225280K, used 120170K [0x0000000080000000, 0x0000000100000000)
  region size 1024K, 1 young (1024K), 1 survivors (1024K)
 Metaspace       used 99019K, capacity 101392K, committed 101632K, reserved 1136640K
  class space    used 12821K, capacity 13750K, committed 13824K, reserved 1048576K
}
Event: 27.295 GC heap before
{Heap before GC invocations=85 (full 0):
 garbage-first heap   total 225280K, used 192874K [0x0000000080000000, 0x0000000100000000)
  region size 1024K, 72 young (73728K), 1 survivors (1024K)
 Metaspace       used 99043K, capacity 101456K, committed 101632K, reserved 1136640K
  class space    used 12821K, capacity 13750K, committed 13824K, reserved 1048576K
}
Event: 27.301 GC heap after
{Heap after GC invocations=86 (full 0):
 garbage-first heap   total 225280K, used 121028K [0x0000000080000000, 0x0000000100000000)
  region size 1024K, 2 young (2048K), 2 survivors (2048K)
 Metaspace       used 99043K, capacity 101456K, committed 101632K, reserved 1136640K
  class space    used 12821K, capacity 13750K, committed 13824K, reserved 1048576K
}
Event: 27.785 GC heap before
{Heap before GC invocations=87 (full 0):
 garbage-first heap   total 225280K, used 193732K [0x0000000080000000, 0x0000000100000000)
  region size 1024K, 73 young (74752K), 2 survivors (2048K)
 Metaspace       used 99050K, capacity 101456K, committed 101632K, reserved 1136640K
  class space    used 12821K, capacity 13750K, committed 13824K, reserved 1048576K
}
Event: 27.791 GC heap after
{Heap after GC invocations=88 (full 0):
 garbage-first heap   total 225280K, used 121704K [0x0000000080000000, 0x0000000100000000)
  region size 1024K, 3 young (3072K), 3 survivors (3072K)
 Metaspace       used 99050K, capacity 101456K, committed 101632K, reserved 1136640K
  class space    used 12821K, capacity 13750K, committed 13824K, reserved 1048576K
}
Event: 27.832 GC heap before
{Heap before GC invocations=88 (full 0):
 garbage-first heap   total 225280K, used 129896K [0x0000000080000000, 0x0000000100000000)
  region size 1024K, 11 young (11264K), 3 survivors (3072K)
 Metaspace       used 99057K, capacity 101467K, committed 101632K, reserved 1136640K
  class space    used 12823K, capacity 13754K, committed 13824K, reserved 1048576K
}
Event: 27.837 GC heap after
{Heap after GC invocations=89 (full 0):
 garbage-first heap   total 225280K, used 120247K [0x0000000080000000, 0x0000000100000000)
  region size 1024K, 1 young (1024K), 1 survivors (1024K)
 Metaspace       used 99057K, capacity 101467K, committed 101632K, reserved 1136640K
  class space    used 12823K, capacity 13754K, committed 13824K, reserved 1048576K
}
Event: 28.226 GC heap before
{Heap before GC invocations=89 (full 0):
 garbage-first heap   total 225280K, used 192951K [0x0000000080000000, 0x0000000100000000)
  region size 1024K, 72 young (73728K), 1 survivors (1024K)
 Metaspace       used 99074K, capacity 101469K, committed 101632K, reserved 1136640K
  class space    used 12827K, capacity 13755K, committed 13824K, reserved 1048576K
}
Event: 28.231 GC heap after
{Heap after GC invocations=90 (full 0):
 garbage-first heap   total 225280K, used 120549K [0x0000000080000000, 0x0000000100000000)
  region size 1024K, 2 young (2048K), 2 survivors (2048K)
 Metaspace       used 99074K, capacity 101469K, committed 101632K, reserved 1136640K
  class space    used 12827K, capacity 13755K, committed 13824K, reserved 1048576K
}
Event: 29.149 GC heap before
{Heap before GC invocations=91 (full 0):
 garbage-first heap   total 225280K, used 194277K [0x0000000080000000, 0x0000000100000000)
  region size 1024K, 73 young (74752K), 2 survivors (2048K)
 Metaspace       used 101393K, capacity 104049K, committed 104320K, reserved 1138688K
  class space    used 13096K, capacity 14105K, committed 14208K, reserved 1048576K
}
Event: 29.158 GC heap after
{Heap after GC invocations=92 (full 0):
 garbage-first heap   total 225280K, used 119691K [0x0000000080000000, 0x0000000100000000)
  region size 1024K, 3 young (3072K), 3 survivors (3072K)
 Metaspace       used 101393K, capacity 104049K, committed 104320K, reserved 1138688K
  class space    used 13096K, capacity 14105K, committed 14208K, reserved 1048576K
}
Event: 29.271 GC heap before
{Heap before GC invocations=92 (full 0):
 garbage-first heap   total 225280K, used 135051K [0x0000000080000000, 0x0000000100000000)
  region size 1024K, 11 young (11264K), 3 survivors (3072K)
 Metaspace       used 101626K, capacity 104266K, committed 104576K, reserved 1140736K
  class space    used 13127K, capacity 14119K, committed 14208K, reserved 1048576K
}
Event: 29.279 GC heap after
{Heap after GC invocations=93 (full 0):
 garbage-first heap   total 225280K, used 127785K [0x0000000080000000, 0x0000000100000000)
  region size 1024K, 2 young (2048K), 2 survivors (2048K)
 Metaspace       used 101626K, capacity 104266K, committed 104576K, reserved 1140736K
  class space    used 13127K, capacity 14119K, committed 14208K, reserved 1048576K
}
Event: 29.677 GC heap before
{Heap before GC invocations=93 (full 0):
 garbage-first heap   total 225280K, used 219945K [0x0000000080000000, 0x0000000100000000)
  region size 1024K, 69 young (70656K), 2 survivors (2048K)
 Metaspace       used 102592K, capacity 105221K, committed 105472K, reserved 1140736K
  class space    used 13253K, capacity 14268K, committed 14336K, reserved 1048576K
}
Event: 29.706 GC heap after
{Heap after GC invocations=94 (full 0):
 garbage-first heap   total 243712K, used 162011K [0x0000000080000000, 0x0000000100000000)
  region size 1024K, 9 young (9216K), 9 survivors (9216K)
 Metaspace       used 102592K, capacity 105221K, committed 105472K, reserved 1140736K
  class space    used 13253K, capacity 14268K, committed 14336K, reserved 1048576K
}
Event: 29.922 GC heap before
{Heap before GC invocations=94 (full 0):
 garbage-first heap   total 243712K, used 201947K [0x0000000080000000, 0x0000000100000000)
  region size 1024K, 49 young (50176K), 9 survivors (9216K)
 Metaspace       used 103032K, capacity 105743K, committed 105984K, reserved 1140736K
  class space    used 13303K, capacity 14317K, committed 14336K, reserved 1048576K
}

