# JRE version: OpenJDK Runtime Environment (11.0.10) (build 11.0.10+0-b96-7249189)
# Java VM: OpenJDK 64-Bit Server VM (11.0.10+0-b96-7249189, mixed mode, tiered, compressed oops, g1 gc, windows-amd64)
Heap:
 garbage-first heap   total 111616K, used 72055K [0x00000000c4c00000, 0x0000000100000000)
  region size 1024K, 21 young (21504K), 4 survivors (4096K)
 Metaspace       used 60951K, capacity 61572K, committed 61824K, reserved 1103872K
  class space    used 6758K, capacity 6984K, committed 7040K, reserved 1048576K
GC Heap History (20 events):
Event: 3.142 GC heap before
{Heap before GC invocations=7 (full 0):
 garbage-first heap   total 73728K, used 35002K [0x00000000c4c00000, 0x0000000100000000)
  region size 1024K, 14 young (14336K), 2 survivors (2048K)
 Metaspace       used 35097K, capacity 35529K, committed 35584K, reserved 1081344K
  class space    used 4136K, capacity 4315K, committed 4352K, reserved 1048576K
}
Event: 3.148 GC heap after
{Heap after GC invocations=8 (full 0):
 garbage-first heap   total 73728K, used 26424K [0x00000000c4c00000, 0x0000000100000000)
  region size 1024K, 2 young (2048K), 2 survivors (2048K)
 Metaspace       used 35097K, capacity 35529K, committed 35584K, reserved 1081344K
  class space    used 4136K, capacity 4315K, committed 4352K, reserved 1048576K
}
Event: 3.534 GC heap before
{Heap before GC invocations=9 (full 0):
 garbage-first heap   total 73728K, used 45880K [0x00000000c4c00000, 0x0000000100000000)
  region size 1024K, 21 young (21504K), 2 survivors (2048K)
 Metaspace       used 38900K, capacity 39356K, committed 39424K, reserved 1083392K
  class space    used 4629K, capacity 4799K, committed 4864K, reserved 1048576K
}
Event: 3.540 GC heap after
{Heap after GC invocations=10 (full 0):
 garbage-first heap   total 73728K, used 28507K [0x00000000c4c00000, 0x0000000100000000)
  region size 1024K, 3 young (3072K), 3 survivors (3072K)
 Metaspace       used 38900K, capacity 39356K, committed 39424K, reserved 1083392K
  class space    used 4629K, capacity 4799K, committed 4864K, reserved 1048576K
}
Event: 4.046 GC heap before
{Heap before GC invocations=10 (full 0):
 garbage-first heap   total 73728K, used 48987K [0x00000000c4c00000, 0x0000000100000000)
  region size 1024K, 23 young (23552K), 3 survivors (3072K)
 Metaspace       used 44335K, capacity 44814K, committed 44928K, reserved 1089536K
  class space    used 5266K, capacity 5441K, committed 5504K, reserved 1048576K
}
Event: 4.054 GC heap after
{Heap after GC invocations=11 (full 0):
 garbage-first heap   total 73728K, used 30800K [0x00000000c4c00000, 0x0000000100000000)
  region size 1024K, 3 young (3072K), 3 survivors (3072K)
 Metaspace       used 44335K, capacity 44814K, committed 44928K, reserved 1089536K
  class space    used 5266K, capacity 5441K, committed 5504K, reserved 1048576K
}
Event: 4.297 GC heap before
{Heap before GC invocations=11 (full 0):
 garbage-first heap   total 73728K, used 51280K [0x00000000c4c00000, 0x0000000100000000)
  region size 1024K, 22 young (22528K), 3 survivors (3072K)
 Metaspace       used 45430K, capacity 45891K, committed 46080K, reserved 1089536K
  class space    used 5366K, capacity 5545K, committed 5632K, reserved 1048576K
}
Event: 4.312 GC heap after
{Heap after GC invocations=12 (full 0):
 garbage-first heap   total 89088K, used 35299K [0x00000000c4c00000, 0x0000000100000000)
  region size 1024K, 3 young (3072K), 3 survivors (3072K)
 Metaspace       used 45430K, capacity 45891K, committed 46080K, reserved 1089536K
  class space    used 5366K, capacity 5545K, committed 5632K, reserved 1048576K
}
Event: 4.565 GC heap before
{Heap before GC invocations=12 (full 0):
 garbage-first heap   total 89088K, used 58851K [0x00000000c4c00000, 0x0000000100000000)
  region size 1024K, 27 young (27648K), 3 survivors (3072K)
 Metaspace       used 46441K, capacity 46947K, committed 47232K, reserved 1091584K
  class space    used 5450K, capacity 5641K, committed 5760K, reserved 1048576K
}
Event: 4.577 GC heap after
{Heap after GC invocations=13 (full 0):
 garbage-first heap   total 89088K, used 36333K [0x00000000c4c00000, 0x0000000100000000)
  region size 1024K, 2 young (2048K), 2 survivors (2048K)
 Metaspace       used 46441K, capacity 46947K, committed 47232K, reserved 1091584K
  class space    used 5450K, capacity 5641K, committed 5760K, reserved 1048576K
}
Event: 5.138 GC heap before
{Heap before GC invocations=13 (full 0):
 garbage-first heap   total 89088K, used 60909K [0x00000000c4c00000, 0x0000000100000000)
  region size 1024K, 27 young (27648K), 2 survivors (2048K)
 Metaspace       used 48995K, capacity 49560K, committed 49664K, reserved 1093632K
  class space    used 5635K, capacity 5820K, committed 5888K, reserved 1048576K
}
Event: 5.150 GC heap after
{Heap after GC invocations=14 (full 0):
 garbage-first heap   total 89088K, used 41459K [0x00000000c4c00000, 0x0000000100000000)
  region size 1024K, 4 young (4096K), 4 survivors (4096K)
 Metaspace       used 48995K, capacity 49560K, committed 49664K, reserved 1093632K
  class space    used 5635K, capacity 5820K, committed 5888K, reserved 1048576K
}
Event: 5.699 GC heap before
{Heap before GC invocations=14 (full 0):
 garbage-first heap   total 89088K, used 65011K [0x00000000c4c00000, 0x0000000100000000)
  region size 1024K, 27 young (27648K), 4 survivors (4096K)
 Metaspace       used 49596K, capacity 50137K, committed 50432K, reserved 1093632K
  class space    used 5644K, capacity 5820K, committed 5888K, reserved 1048576K
}
Event: 5.715 GC heap after
{Heap after GC invocations=15 (full 0):
 garbage-first heap   total 89088K, used 45758K [0x00000000c4c00000, 0x0000000100000000)
  region size 1024K, 4 young (4096K), 4 survivors (4096K)
 Metaspace       used 49596K, capacity 50137K, committed 50432K, reserved 1093632K
  class space    used 5644K, capacity 5820K, committed 5888K, reserved 1048576K
}
Event: 6.048 GC heap before
{Heap before GC invocations=15 (full 0):
 garbage-first heap   total 89088K, used 67262K [0x00000000c4c00000, 0x0000000100000000)
  region size 1024K, 25 young (25600K), 4 survivors (4096K)
 Metaspace       used 51518K, capacity 52037K, committed 52224K, reserved 1095680K
  class space    used 5849K, capacity 6027K, committed 6144K, reserved 1048576K
}
Event: 6.066 GC heap after
{Heap after GC invocations=16 (full 0):
 garbage-first heap   total 111616K, used 49152K [0x00000000c4c00000, 0x0000000100000000)
  region size 1024K, 3 young (3072K), 3 survivors (3072K)
 Metaspace       used 51518K, capacity 52037K, committed 52224K, reserved 1095680K
  class space    used 5849K, capacity 6027K, committed 6144K, reserved 1048576K
}
Event: 7.798 GC heap before
{Heap before GC invocations=17 (full 0):
 garbage-first heap   total 111616K, used 75776K [0x00000000c4c00000, 0x0000000100000000)
  region size 1024K, 30 young (30720K), 3 survivors (3072K)
 Metaspace       used 54535K, capacity 55060K, committed 55296K, reserved 1097728K
  class space    used 6155K, capacity 6347K, committed 6400K, reserved 1048576K
}
Event: 7.817 GC heap after
{Heap after GC invocations=18 (full 0):
 garbage-first heap   total 111616K, used 52224K [0x00000000c4c00000, 0x0000000100000000)
  region size 1024K, 4 young (4096K), 4 survivors (4096K)
 Metaspace       used 54535K, capacity 55060K, committed 55296K, reserved 1097728K
  class space    used 6155K, capacity 6347K, committed 6400K, reserved 1048576K
}
Event: 8.704 GC heap before
{Heap before GC invocations=18 (full 0):
 garbage-first heap   total 111616K, used 79872K [0x00000000c4c00000, 0x0000000100000000)
  region size 1024K, 31 young (31744K), 4 survivors (4096K)
 Metaspace       used 57280K, capacity 57877K, committed 58112K, reserved 1101824K
  class space    used 6354K, capacity 6579K, committed 6656K, reserved 1048576K
}
Event: 8.721 GC heap after
{Heap after GC invocations=19 (full 0):
 garbage-first heap   total 111616K, used 55671K [0x00000000c4c00000, 0x0000000100000000)
  region size 1024K, 4 young (4096K), 4 survivors (4096K)
 Metaspace       used 57280K, capacity 57877K, committed 58112K, reserved 1101824K
  class space    used 6354K, capacity 6579K, committed 6656K, reserved 1048576K
}

