# JRE version: OpenJDK Runtime Environment (11.0.10) (build 11.0.10+0-b96-7249189)
# Java VM: OpenJDK 64-Bit Server VM (11.0.10+0-b96-7249189, mixed mode, tiered, compressed oops, g1 gc, windows-amd64)
Heap:
 garbage-first heap   total 360448K, used 177422K [0x0000000080000000, 0x0000000100000000)
  region size 1024K, 4 young (4096K), 4 survivors (4096K)
 Metaspace       used 95815K, capacity 98322K, committed 98688K, reserved 1134592K
  class space    used 12607K, capacity 13529K, committed 13696K, reserved 1048576K
GC Heap History (20 events):
Event: 16.804 GC heap after
{Heap after GC invocations=42 (full 0):
 garbage-first heap   total 155648K, used 77720K [0x0000000080000000, 0x0000000100000000)
  region size 1024K, 6 young (6144K), 6 survivors (6144K)
 Metaspace       used 84445K, capacity 86681K, committed 86912K, reserved 1124352K
  class space    used 10965K, capacity 11787K, committed 11904K, reserved 1048576K
}
Event: 17.445 GC heap before
{Heap before GC invocations=43 (full 0):
 garbage-first heap   total 155648K, used 124824K [0x0000000080000000, 0x0000000100000000)
  region size 1024K, 53 young (54272K), 6 survivors (6144K)
 Metaspace       used 86094K, capacity 88268K, committed 88576K, reserved 1126400K
  class space    used 11138K, capacity 11922K, committed 12032K, reserved 1048576K
}
Event: 17.453 GC heap after
{Heap after GC invocations=44 (full 0):
 garbage-first heap   total 155648K, used 79224K [0x0000000080000000, 0x0000000100000000)
  region size 1024K, 5 young (5120K), 5 survivors (5120K)
 Metaspace       used 86094K, capacity 88268K, committed 88576K, reserved 1126400K
  class space    used 11138K, capacity 11922K, committed 12032K, reserved 1048576K
}
Event: 18.062 GC heap before
{Heap before GC invocations=44 (full 0):
 garbage-first heap   total 155648K, used 111992K [0x0000000080000000, 0x0000000100000000)
  region size 1024K, 39 young (39936K), 5 survivors (5120K)
 Metaspace       used 87518K, capacity 89664K, committed 89984K, reserved 1126400K
  class space    used 11274K, capacity 12062K, committed 12160K, reserved 1048576K
}
Event: 18.077 GC heap after
{Heap after GC invocations=45 (full 0):
 garbage-first heap   total 187392K, used 82436K [0x0000000080000000, 0x0000000100000000)
  region size 1024K, 5 young (5120K), 5 survivors (5120K)
 Metaspace       used 87518K, capacity 89664K, committed 89984K, reserved 1126400K
  class space    used 11274K, capacity 12062K, committed 12160K, reserved 1048576K
}
Event: 18.666 GC heap before
{Heap before GC invocations=46 (full 0):
 garbage-first heap   total 187392K, used 107012K [0x0000000080000000, 0x0000000100000000)
  region size 1024K, 21 young (21504K), 5 survivors (5120K)
 Metaspace       used 90355K, capacity 92477K, committed 92928K, reserved 1130496K
  class space    used 11673K, capacity 12450K, committed 12544K, reserved 1048576K
}
Event: 18.678 GC heap after
{Heap after GC invocations=47 (full 0):
 garbage-first heap   total 187392K, used 97096K [0x0000000080000000, 0x0000000100000000)
  region size 1024K, 8 young (8192K), 8 survivors (8192K)
 Metaspace       used 90355K, capacity 92477K, committed 92928K, reserved 1130496K
  class space    used 11673K, capacity 12450K, committed 12544K, reserved 1048576K
}
Event: 18.979 GC heap before
{Heap before GC invocations=48 (full 0):
 garbage-first heap   total 187392K, used 154440K [0x0000000080000000, 0x0000000100000000)
  region size 1024K, 46 young (47104K), 8 survivors (8192K)
 Metaspace       used 90589K, capacity 92712K, committed 93056K, reserved 1130496K
  class space    used 11698K, capacity 12485K, committed 12672K, reserved 1048576K
}
Event: 19.059 GC heap after
{Heap after GC invocations=49 (full 0):
 garbage-first heap   total 187392K, used 121600K [0x0000000080000000, 0x0000000100000000)
  region size 1024K, 7 young (7168K), 7 survivors (7168K)
 Metaspace       used 90589K, capacity 92712K, committed 93056K, reserved 1130496K
  class space    used 11698K, capacity 12485K, committed 12672K, reserved 1048576K
}
Event: 19.786 GC heap before
{Heap before GC invocations=50 (full 0):
 garbage-first heap   total 187392K, used 149248K [0x0000000080000000, 0x0000000100000000)
  region size 1024K, 33 young (33792K), 7 survivors (7168K)
 Metaspace       used 92878K, capacity 95234K, committed 95360K, reserved 1132544K
  class space    used 12219K, capacity 13089K, committed 13184K, reserved 1048576K
}
Event: 19.814 GC heap after
{Heap after GC invocations=51 (full 0):
 garbage-first heap   total 187392K, used 132894K [0x0000000080000000, 0x0000000100000000)
  region size 1024K, 5 young (5120K), 5 survivors (5120K)
 Metaspace       used 92878K, capacity 95234K, committed 95360K, reserved 1132544K
  class space    used 12219K, capacity 13089K, committed 13184K, reserved 1048576K
}
Event: 19.906 GC heap before
{Heap before GC invocations=51 (full 0):
 garbage-first heap   total 187392K, used 151326K [0x0000000080000000, 0x0000000100000000)
  region size 1024K, 24 young (24576K), 5 survivors (5120K)
 Metaspace       used 92995K, capacity 95370K, committed 95616K, reserved 1132544K
  class space    used 12219K, capacity 13089K, committed 13184K, reserved 1048576K
}
Event: 19.931 GC heap after
{Heap after GC invocations=52 (full 0):
 garbage-first heap   total 281600K, used 143592K [0x0000000080000000, 0x0000000100000000)
  region size 1024K, 3 young (3072K), 3 survivors (3072K)
 Metaspace       used 92995K, capacity 95370K, committed 95616K, reserved 1132544K
  class space    used 12219K, capacity 13089K, committed 13184K, reserved 1048576K
}
Event: 20.144 GC heap before
{Heap before GC invocations=52 (full 0):
 garbage-first heap   total 281600K, used 188648K [0x0000000080000000, 0x0000000100000000)
  region size 1024K, 48 young (49152K), 3 survivors (3072K)
 Metaspace       used 93021K, capacity 95374K, committed 95616K, reserved 1132544K
  class space    used 12219K, capacity 13089K, committed 13184K, reserved 1048576K
}
Event: 20.171 GC heap after
{Heap after GC invocations=53 (full 0):
 garbage-first heap   total 281600K, used 166912K [0x0000000080000000, 0x0000000100000000)
  region size 1024K, 6 young (6144K), 6 survivors (6144K)
 Metaspace       used 93021K, capacity 95374K, committed 95616K, reserved 1132544K
  class space    used 12219K, capacity 13089K, committed 13184K, reserved 1048576K
}
Event: 20.645 GC heap before
{Heap before GC invocations=54 (full 0):
 garbage-first heap   total 281600K, used 203776K [0x0000000080000000, 0x0000000100000000)
  region size 1024K, 43 young (44032K), 6 survivors (6144K)
 Metaspace       used 95299K, capacity 97833K, committed 98048K, reserved 1134592K
  class space    used 12581K, capacity 13524K, committed 13568K, reserved 1048576K
}
Event: 20.670 GC heap after
{Heap after GC invocations=55 (full 0):
 garbage-first heap   total 281600K, used 176557K [0x0000000080000000, 0x0000000100000000)
  region size 1024K, 6 young (6144K), 6 survivors (6144K)
 Metaspace       used 95299K, capacity 97833K, committed 98048K, reserved 1134592K
  class space    used 12581K, capacity 13524K, committed 13568K, reserved 1048576K
}
Event: 21.162 GC heap before
{Heap before GC invocations=55 (full 0):
 garbage-first heap   total 281600K, used 212397K [0x0000000080000000, 0x0000000100000000)
  region size 1024K, 41 young (41984K), 6 survivors (6144K)
 Metaspace       used 95942K, capacity 98569K, committed 98688K, reserved 1134592K
  class space    used 12664K, capacity 13632K, committed 13696K, reserved 1048576K
}
Event: 21.177 GC heap after
{Heap after GC invocations=56 (full 0):
 garbage-first heap   total 281600K, used 182056K [0x0000000080000000, 0x0000000100000000)
  region size 1024K, 4 young (4096K), 4 survivors (4096K)
 Metaspace       used 95942K, capacity 98569K, committed 98688K, reserved 1134592K
  class space    used 12664K, capacity 13632K, committed 13696K, reserved 1048576K
}
Event: 21.586 GC heap before
{Heap before GC invocations=57 (full 0):
 garbage-first heap   total 281600K, used 208680K [0x0000000080000000, 0x0000000100000000)
  region size 1024K, 39 young (39936K), 4 survivors (4096K)
 Metaspace       used 95815K, capacity 98322K, committed 98688K, reserved 1134592K
  class space    used 12607K, capacity 13529K, committed 13696K, reserved 1048576K
}

