# JRE version: OpenJDK Runtime Environment (11.0.10) (build 11.0.10+0-b96-7249189)
# Java VM: OpenJDK 64-Bit Server VM (11.0.10+0-b96-7249189, mixed mode, tiered, compressed oops, g1 gc, windows-amd64)
Heap:
 garbage-first heap   total 580608K, used 145634K [0x0000000080000000, 0x0000000100000000)
  region size 1024K, 9 young (9216K), 9 survivors (9216K)
 Metaspace       used 116637K, capacity 119496K, committed 120320K, reserved 1153024K
  class space    used 14542K, capacity 15564K, committed 15872K, reserved 1048576K
GC Heap History (20 events):
Event: 6800.512 GC heap after
{Heap after GC invocations=101 (full 0):
 garbage-first heap   total 204800K, used 108623K [0x0000000080000000, 0x0000000100000000)
  region size 1024K, 2 young (2048K), 2 survivors (2048K)
 Metaspace       used 110844K, capacity 113580K, committed 114816K, reserved 1148928K
  class space    used 14053K, capacity 15075K, committed 15488K, reserved 1048576K
}
Event: 6801.102 GC heap before
{Heap before GC invocations=101 (full 0):
 garbage-first heap   total 204800K, used 129103K [0x0000000080000000, 0x0000000100000000)
  region size 1024K, 22 young (22528K), 2 survivors (2048K)
 Metaspace       used 111134K, capacity 113885K, committed 115072K, reserved 1148928K
  class space    used 14088K, capacity 15125K, committed 15488K, reserved 1048576K
}
Event: 6801.146 GC heap after
{Heap after GC invocations=102 (full 0):
 garbage-first heap   total 204800K, used 109466K [0x0000000080000000, 0x0000000100000000)
  region size 1024K, 3 young (3072K), 3 survivors (3072K)
 Metaspace       used 111134K, capacity 113885K, committed 115072K, reserved 1148928K
  class space    used 14088K, capacity 15125K, committed 15488K, reserved 1048576K
}
Event: 6802.525 GC heap before
{Heap before GC invocations=103 (full 0):
 garbage-first heap   total 204800K, used 129946K [0x0000000080000000, 0x0000000100000000)
  region size 1024K, 24 young (24576K), 3 survivors (3072K)
 Metaspace       used 112085K, capacity 114925K, committed 115968K, reserved 1148928K
  class space    used 14193K, capacity 15235K, committed 15616K, reserved 1048576K
}
Event: 6802.551 GC heap after
{Heap after GC invocations=104 (full 0):
 garbage-first heap   total 204800K, used 111057K [0x0000000080000000, 0x0000000100000000)
  region size 1024K, 3 young (3072K), 3 survivors (3072K)
 Metaspace       used 112085K, capacity 114925K, committed 115968K, reserved 1148928K
  class space    used 14193K, capacity 15235K, committed 15616K, reserved 1048576K
}
Event: 6802.683 GC heap before
{Heap before GC invocations=104 (full 0):
 garbage-first heap   total 204800K, used 118225K [0x0000000080000000, 0x0000000100000000)
  region size 1024K, 10 young (10240K), 3 survivors (3072K)
 Metaspace       used 112162K, capacity 114925K, committed 115968K, reserved 1148928K
  class space    used 14193K, capacity 15235K, committed 15616K, reserved 1048576K
}
Event: 6802.711 GC heap after
{Heap after GC invocations=105 (full 0):
 garbage-first heap   total 204800K, used 113055K [0x0000000080000000, 0x0000000100000000)
  region size 1024K, 2 young (2048K), 2 survivors (2048K)
 Metaspace       used 112162K, capacity 114925K, committed 115968K, reserved 1148928K
  class space    used 14193K, capacity 15235K, committed 15616K, reserved 1048576K
}
Event: 6803.019 GC heap before
{Heap before GC invocations=105 (full 0):
 garbage-first heap   total 204800K, used 128415K [0x0000000080000000, 0x0000000100000000)
  region size 1024K, 18 young (18432K), 2 survivors (2048K)
 Metaspace       used 112217K, capacity 114989K, committed 115968K, reserved 1148928K
  class space    used 14193K, capacity 15235K, committed 15616K, reserved 1048576K
}
Event: 6803.029 GC heap after
{Heap after GC invocations=106 (full 0):
 garbage-first heap   total 204800K, used 117654K [0x0000000080000000, 0x0000000100000000)
  region size 1024K, 5 young (5120K), 5 survivors (5120K)
 Metaspace       used 112217K, capacity 114989K, committed 115968K, reserved 1148928K
  class space    used 14193K, capacity 15235K, committed 15616K, reserved 1048576K
}
Event: 6803.793 GC heap before
{Heap before GC invocations=107 (full 0):
 garbage-first heap   total 204800K, used 148374K [0x0000000080000000, 0x0000000100000000)
  region size 1024K, 33 young (33792K), 5 survivors (5120K)
 Metaspace       used 112288K, capacity 115053K, committed 116224K, reserved 1150976K
  class space    used 14193K, capacity 15235K, committed 15616K, reserved 1048576K
}
Event: 6803.930 GC heap after
{Heap after GC invocations=108 (full 0):
 garbage-first heap   total 204800K, used 130198K [0x0000000080000000, 0x0000000100000000)
  region size 1024K, 5 young (5120K), 5 survivors (5120K)
 Metaspace       used 112288K, capacity 115053K, committed 116224K, reserved 1150976K
  class space    used 14193K, capacity 15235K, committed 15616K, reserved 1048576K
}
Event: 6804.063 GC heap before
{Heap before GC invocations=108 (full 0):
 garbage-first heap   total 204800K, used 135318K [0x0000000080000000, 0x0000000100000000)
  region size 1024K, 10 young (10240K), 5 survivors (5120K)
 Metaspace       used 112458K, capacity 115249K, committed 116224K, reserved 1150976K
  class space    used 14211K, capacity 15236K, committed 15616K, reserved 1048576K
}
Event: 6804.129 GC heap after
{Heap after GC invocations=109 (full 0):
 garbage-first heap   total 343040K, used 131977K [0x0000000080000000, 0x0000000100000000)
  region size 1024K, 2 young (2048K), 2 survivors (2048K)
 Metaspace       used 112458K, capacity 115249K, committed 116224K, reserved 1150976K
  class space    used 14211K, capacity 15236K, committed 15616K, reserved 1048576K
}
Event: 6804.447 GC heap before
{Heap before GC invocations=109 (full 0):
 garbage-first heap   total 343040K, used 142217K [0x0000000080000000, 0x0000000100000000)
  region size 1024K, 13 young (13312K), 2 survivors (2048K)
 Metaspace       used 112889K, capacity 115727K, committed 116736K, reserved 1150976K
  class space    used 14251K, capacity 15289K, committed 15616K, reserved 1048576K
}
Event: 6804.523 GC heap after
{Heap after GC invocations=110 (full 0):
 garbage-first heap   total 343040K, used 132342K [0x0000000080000000, 0x0000000100000000)
  region size 1024K, 2 young (2048K), 2 survivors (2048K)
 Metaspace       used 112889K, capacity 115727K, committed 116736K, reserved 1150976K
  class space    used 14251K, capacity 15289K, committed 15616K, reserved 1048576K
}
Event: 6805.594 GC heap before
{Heap before GC invocations=111 (full 0):
 garbage-first heap   total 343040K, used 183542K [0x0000000080000000, 0x0000000100000000)
  region size 1024K, 44 young (45056K), 2 survivors (2048K)
 Metaspace       used 113011K, capacity 115796K, committed 116736K, reserved 1150976K
  class space    used 14260K, capacity 15290K, committed 15616K, reserved 1048576K
}
Event: 6805.624 GC heap after
{Heap after GC invocations=112 (full 0):
 garbage-first heap   total 343040K, used 134683K [0x0000000080000000, 0x0000000100000000)
  region size 1024K, 5 young (5120K), 5 survivors (5120K)
 Metaspace       used 113011K, capacity 115796K, committed 116736K, reserved 1150976K
  class space    used 14260K, capacity 15290K, committed 15616K, reserved 1048576K
}
Event: 6806.083 GC heap before
{Heap before GC invocations=112 (full 0):
 garbage-first heap   total 343040K, used 183835K [0x0000000080000000, 0x0000000100000000)
  region size 1024K, 53 young (54272K), 5 survivors (5120K)
 Metaspace       used 113050K, capacity 115802K, committed 116736K, reserved 1150976K
  class space    used 14262K, capacity 15292K, committed 15616K, reserved 1048576K
}
Event: 6806.115 GC heap after
{Heap after GC invocations=113 (full 0):
 garbage-first heap   total 343040K, used 139107K [0x0000000080000000, 0x0000000100000000)
  region size 1024K, 7 young (7168K), 7 survivors (7168K)
 Metaspace       used 113050K, capacity 115802K, committed 116736K, reserved 1150976K
  class space    used 14262K, capacity 15292K, committed 15616K, reserved 1048576K
}
Event: 6807.566 GC heap before
{Heap before GC invocations=114 (full 0):
 garbage-first heap   total 343040K, used 214883K [0x0000000080000000, 0x0000000100000000)
  region size 1024K, 67 young (68608K), 7 survivors (7168K)
 Metaspace       used 116637K, capacity 119496K, committed 120320K, reserved 1153024K
  class space    used 14542K, capacity 15564K, committed 15872K, reserved 1048576K
}

