# JRE version: OpenJDK Runtime Environment (11.0.10) (build 11.0.10+0-b96-7249189)
# Java VM: OpenJDK 64-Bit Server VM (11.0.10+0-b96-7249189, mixed mode, tiered, compressed oops, g1 gc, windows-amd64)
Heap:
 garbage-first heap   total 573440K, used 181797K [0x0000000080000000, 0x0000000100000000)
  region size 1024K, 7 young (7168K), 7 survivors (7168K)
 Metaspace       used 95447K, capacity 97903K, committed 97996K, reserved 1134592K
  class space    used 12586K, capacity 13516K, committed 13568K, reserved 1048576K
GC Heap History (20 events):
Event: 13.108 GC heap after
{Heap after GC invocations=35 (full 0):
 garbage-first heap   total 107520K, used 58712K [0x0000000080000000, 0x0000000100000000)
  region size 1024K, 2 young (2048K), 2 survivors (2048K)
 Metaspace       used 64791K, capacity 66356K, committed 66636K, reserved 1107968K
  class space    used 8220K, capacity 8787K, committed 8832K, reserved 1048576K
}
Event: 13.364 GC heap before
{Heap before GC invocations=35 (full 0):
 garbage-first heap   total 107520K, used 83288K [0x0000000080000000, 0x0000000100000000)
  region size 1024K, 26 young (26624K), 2 survivors (2048K)
 Metaspace       used 65427K, capacity 67091K, committed 67276K, reserved 1107968K
  class space    used 8304K, capacity 8923K, committed 8960K, reserved 1048576K
}
Event: 13.383 GC heap after
{Heap after GC invocations=36 (full 0):
 garbage-first heap   total 149504K, used 61110K [0x0000000080000000, 0x0000000100000000)
  region size 1024K, 4 young (4096K), 4 survivors (4096K)
 Metaspace       used 65427K, capacity 67091K, committed 67276K, reserved 1107968K
  class space    used 8304K, capacity 8923K, committed 8960K, reserved 1048576K
}
Event: 14.739 GC heap before
{Heap before GC invocations=37 (full 0):
 garbage-first heap   total 149504K, used 103094K [0x0000000080000000, 0x0000000100000000)
  region size 1024K, 45 young (46080K), 4 survivors (4096K)
 Metaspace       used 69879K, capacity 71528K, committed 71884K, reserved 1112064K
  class space    used 9019K, capacity 9611K, committed 9728K, reserved 1048576K
}
Event: 14.825 GC heap after
{Heap after GC invocations=38 (full 0):
 garbage-first heap   total 149504K, used 64106K [0x0000000080000000, 0x0000000100000000)
  region size 1024K, 6 young (6144K), 6 survivors (6144K)
 Metaspace       used 69879K, capacity 71528K, committed 71884K, reserved 1112064K
  class space    used 9019K, capacity 9611K, committed 9728K, reserved 1048576K
}
Event: 15.529 GC heap before
{Heap before GC invocations=38 (full 0):
 garbage-first heap   total 149504K, used 108138K [0x0000000080000000, 0x0000000100000000)
  region size 1024K, 49 young (50176K), 6 survivors (6144K)
 Metaspace       used 73739K, capacity 75453K, committed 75724K, reserved 1114112K
  class space    used 9568K, capacity 10204K, committed 10240K, reserved 1048576K
}
Event: 15.539 GC heap after
{Heap after GC invocations=39 (full 0):
 garbage-first heap   total 149504K, used 67109K [0x0000000080000000, 0x0000000100000000)
  region size 1024K, 6 young (6144K), 6 survivors (6144K)
 Metaspace       used 73739K, capacity 75453K, committed 75724K, reserved 1114112K
  class space    used 9568K, capacity 10204K, committed 10240K, reserved 1048576K
}
Event: 16.248 GC heap before
{Heap before GC invocations=39 (full 0):
 garbage-first heap   total 149504K, used 112165K [0x0000000080000000, 0x0000000100000000)
  region size 1024K, 50 young (51200K), 6 survivors (6144K)
 Metaspace       used 78786K, capacity 80647K, committed 80844K, reserved 1120256K
  class space    used 10231K, capacity 10893K, committed 11008K, reserved 1048576K
}
Event: 16.262 GC heap after
{Heap after GC invocations=40 (full 0):
 garbage-first heap   total 149504K, used 70355K [0x0000000080000000, 0x0000000100000000)
  region size 1024K, 6 young (6144K), 6 survivors (6144K)
 Metaspace       used 78786K, capacity 80647K, committed 80844K, reserved 1120256K
  class space    used 10231K, capacity 10893K, committed 11008K, reserved 1048576K
}
Event: 17.276 GC heap before
{Heap before GC invocations=40 (full 0):
 garbage-first heap   total 149504K, used 115411K [0x0000000080000000, 0x0000000100000000)
  region size 1024K, 50 young (51200K), 6 survivors (6144K)
 Metaspace       used 81697K, capacity 83809K, committed 84044K, reserved 1122304K
  class space    used 10724K, capacity 11525K, committed 11648K, reserved 1048576K
}
Event: 17.295 GC heap after
{Heap after GC invocations=41 (full 0):
 garbage-first heap   total 254976K, used 73400K [0x0000000080000000, 0x0000000100000000)
  region size 1024K, 7 young (7168K), 7 survivors (7168K)
 Metaspace       used 81697K, capacity 83809K, committed 84044K, reserved 1122304K
  class space    used 10724K, capacity 11525K, committed 11648K, reserved 1048576K
}
Event: 18.691 GC heap before
{Heap before GC invocations=41 (full 0):
 garbage-first heap   total 254976K, used 149176K [0x0000000080000000, 0x0000000100000000)
  region size 1024K, 82 young (83968K), 7 survivors (7168K)
 Metaspace       used 82564K, capacity 84738K, committed 84812K, reserved 1122304K
  class space    used 10771K, capacity 11615K, committed 11648K, reserved 1048576K
}
Event: 18.706 GC heap after
{Heap after GC invocations=42 (full 0):
 garbage-first heap   total 254976K, used 78501K [0x0000000080000000, 0x0000000100000000)
  region size 1024K, 9 young (9216K), 9 survivors (9216K)
 Metaspace       used 82564K, capacity 84738K, committed 84812K, reserved 1122304K
  class space    used 10771K, capacity 11615K, committed 11648K, reserved 1048576K
}
Event: 20.049 GC heap before
{Heap before GC invocations=42 (full 0):
 garbage-first heap   total 254976K, used 200357K [0x0000000080000000, 0x0000000100000000)
  region size 1024K, 124 young (126976K), 9 survivors (9216K)
 Metaspace       used 87346K, capacity 89572K, committed 89676K, reserved 1126400K
  class space    used 11318K, capacity 12122K, committed 12160K, reserved 1048576K
}
Event: 20.063 GC heap after
{Heap after GC invocations=43 (full 0):
 garbage-first heap   total 254976K, used 88634K [0x0000000080000000, 0x0000000100000000)
  region size 1024K, 14 young (14336K), 14 survivors (14336K)
 Metaspace       used 87346K, capacity 89572K, committed 89676K, reserved 1126400K
  class space    used 11318K, capacity 12122K, committed 12160K, reserved 1048576K
}
Event: 21.394 GC heap before
{Heap before GC invocations=43 (full 0):
 garbage-first heap   total 254976K, used 229946K [0x0000000080000000, 0x0000000100000000)
  region size 1024K, 126 young (129024K), 14 survivors (14336K)
 Metaspace       used 93200K, capacity 95620K, committed 95948K, reserved 1132544K
  class space    used 12291K, capacity 13197K, committed 13312K, reserved 1048576K
}
Event: 21.588 GC heap after
{Heap after GC invocations=44 (full 0):
 garbage-first heap   total 286720K, used 146810K [0x0000000080000000, 0x0000000100000000)
  region size 1024K, 16 young (16384K), 16 survivors (16384K)
 Metaspace       used 93200K, capacity 95620K, committed 95948K, reserved 1132544K
  class space    used 12291K, capacity 13197K, committed 13312K, reserved 1048576K
}
Event: 21.911 GC heap before
{Heap before GC invocations=44 (full 0):
 garbage-first heap   total 286720K, used 195962K [0x0000000080000000, 0x0000000100000000)
  region size 1024K, 65 young (66560K), 16 survivors (16384K)
 Metaspace       used 93309K, capacity 95762K, committed 95948K, reserved 1132544K
  class space    used 12292K, capacity 13198K, committed 13312K, reserved 1048576K
}
Event: 22.103 GC heap after
{Heap after GC invocations=45 (full 0):
 garbage-first heap   total 286720K, used 173056K [0x0000000080000000, 0x0000000100000000)
  region size 1024K, 9 young (9216K), 9 survivors (9216K)
 Metaspace       used 93309K, capacity 95762K, committed 95948K, reserved 1132544K
  class space    used 12292K, capacity 13198K, committed 13312K, reserved 1048576K
}
Event: 23.707 GC heap before
{Heap before GC invocations=46 (full 0):
 garbage-first heap   total 286720K, used 219136K [0x0000000080000000, 0x0000000100000000)
  region size 1024K, 55 young (56320K), 9 survivors (9216K)
 Metaspace       used 95447K, capacity 97903K, committed 97996K, reserved 1134592K
  class space    used 12586K, capacity 13516K, committed 13568K, reserved 1048576K
}

