# JRE version: OpenJDK Runtime Environment (11.0.10) (build 11.0.10+0-b96-7249189)
# Java VM: OpenJDK 64-Bit Server VM (11.0.10+0-b96-7249189, mixed mode, tiered, compressed oops, g1 gc, windows-amd64)
Heap:
 garbage-first heap   total 90112K, used 41593K [0x00000000c4c00000, 0x0000000100000000)
  region size 1024K, 3 young (3072K), 3 survivors (3072K)
 Metaspace       used 49416K, capacity 49948K, committed 50176K, reserved 1093632K
  class space    used 5643K, capacity 5821K, committed 5888K, reserved 1048576K
GC Heap History (20 events):
Event: 1.768 GC heap after
{Heap after GC invocations=3 (full 0):
 garbage-first heap   total 61440K, used 9908K [0x00000000c4c00000, 0x0000000100000000)
  region size 1024K, 1 young (1024K), 1 survivors (1024K)
 Metaspace       used 20909K, capacity 21101K, committed 21248K, reserved 1069056K
  class space    used 2219K, capacity 2286K, committed 2304K, reserved 1048576K
}
Event: 2.446 GC heap before
{Heap before GC invocations=4 (full 0):
 garbage-first heap   total 61440K, used 37556K [0x00000000c4c00000, 0x0000000100000000)
  region size 1024K, 22 young (22528K), 1 survivors (1024K)
 Metaspace       used 26294K, capacity 26663K, committed 26752K, reserved 1073152K
  class space    used 2797K, capacity 2938K, committed 2944K, reserved 1048576K
}
Event: 2.450 GC heap after
{Heap after GC invocations=5 (full 0):
 garbage-first heap   total 61440K, used 17043K [0x00000000c4c00000, 0x0000000100000000)
  region size 1024K, 2 young (2048K), 2 survivors (2048K)
 Metaspace       used 26294K, capacity 26663K, committed 26752K, reserved 1073152K
  class space    used 2797K, capacity 2938K, committed 2944K, reserved 1048576K
}
Event: 3.475 GC heap before
{Heap before GC invocations=5 (full 0):
 garbage-first heap   total 61440K, used 39571K [0x00000000c4c00000, 0x0000000100000000)
  region size 1024K, 22 young (22528K), 2 survivors (2048K)
 Metaspace       used 29473K, capacity 29888K, committed 30080K, reserved 1075200K
  class space    used 3478K, capacity 3630K, committed 3712K, reserved 1048576K
}
Event: 3.491 GC heap after
{Heap after GC invocations=6 (full 0):
 garbage-first heap   total 61440K, used 23147K [0x00000000c4c00000, 0x0000000100000000)
  region size 1024K, 3 young (3072K), 3 survivors (3072K)
 Metaspace       used 29473K, capacity 29888K, committed 30080K, reserved 1075200K
  class space    used 3478K, capacity 3630K, committed 3712K, reserved 1048576K
}
Event: 4.119 GC heap before
{Heap before GC invocations=6 (full 0):
 garbage-first heap   total 61440K, used 44651K [0x00000000c4c00000, 0x0000000100000000)
  region size 1024K, 20 young (20480K), 3 survivors (3072K)
 Metaspace       used 33192K, capacity 33622K, committed 33792K, reserved 1079296K
  class space    used 3926K, capacity 4085K, committed 4096K, reserved 1048576K
}
Event: 4.128 GC heap after
{Heap after GC invocations=7 (full 0):
 garbage-first heap   total 61440K, used 24638K [0x00000000c4c00000, 0x0000000100000000)
  region size 1024K, 2 young (2048K), 2 survivors (2048K)
 Metaspace       used 33192K, capacity 33622K, committed 33792K, reserved 1079296K
  class space    used 3926K, capacity 4085K, committed 4096K, reserved 1048576K
}
Event: 4.531 GC heap before
{Heap before GC invocations=7 (full 0):
 garbage-first heap   total 61440K, used 33854K [0x00000000c4c00000, 0x0000000100000000)
  region size 1024K, 12 young (12288K), 2 survivors (2048K)
 Metaspace       used 35102K, capacity 35535K, committed 35584K, reserved 1081344K
  class space    used 4140K, capacity 4316K, committed 4352K, reserved 1048576K
}
Event: 4.537 GC heap after
{Heap after GC invocations=8 (full 0):
 garbage-first heap   total 74752K, used 25660K [0x00000000c4c00000, 0x0000000100000000)
  region size 1024K, 2 young (2048K), 2 survivors (2048K)
 Metaspace       used 35102K, capacity 35535K, committed 35584K, reserved 1081344K
  class space    used 4140K, capacity 4316K, committed 4352K, reserved 1048576K
}
Event: 5.345 GC heap before
{Heap before GC invocations=9 (full 0):
 garbage-first heap   total 74752K, used 46140K [0x00000000c4c00000, 0x0000000100000000)
  region size 1024K, 23 young (23552K), 2 survivors (2048K)
 Metaspace       used 39060K, capacity 39516K, committed 39680K, reserved 1083392K
  class space    used 4648K, capacity 4831K, committed 4864K, reserved 1048576K
}
Event: 5.354 GC heap after
{Heap after GC invocations=10 (full 0):
 garbage-first heap   total 74752K, used 28312K [0x00000000c4c00000, 0x0000000100000000)
  region size 1024K, 3 young (3072K), 3 survivors (3072K)
 Metaspace       used 39060K, capacity 39516K, committed 39680K, reserved 1083392K
  class space    used 4648K, capacity 4831K, committed 4864K, reserved 1048576K
}
Event: 6.348 GC heap before
{Heap before GC invocations=10 (full 0):
 garbage-first heap   total 74752K, used 48792K [0x00000000c4c00000, 0x0000000100000000)
  region size 1024K, 24 young (24576K), 3 survivors (3072K)
 Metaspace       used 44622K, capacity 45105K, committed 45184K, reserved 1089536K
  class space    used 5291K, capacity 5474K, committed 5504K, reserved 1048576K
}
Event: 6.360 GC heap after
{Heap after GC invocations=11 (full 0):
 garbage-first heap   total 74752K, used 30409K [0x00000000c4c00000, 0x0000000100000000)
  region size 1024K, 2 young (2048K), 2 survivors (2048K)
 Metaspace       used 44622K, capacity 45105K, committed 45184K, reserved 1089536K
  class space    used 5291K, capacity 5474K, committed 5504K, reserved 1048576K
}
Event: 6.667 GC heap before
{Heap before GC invocations=11 (full 0):
 garbage-first heap   total 74752K, used 52937K [0x00000000c4c00000, 0x0000000100000000)
  region size 1024K, 23 young (23552K), 2 survivors (2048K)
 Metaspace       used 45472K, capacity 45958K, committed 46080K, reserved 1089536K
  class space    used 5366K, capacity 5546K, committed 5632K, reserved 1048576K
}
Event: 6.674 GC heap after
{Heap after GC invocations=12 (full 0):
 garbage-first heap   total 74752K, used 32949K [0x00000000c4c00000, 0x0000000100000000)
  region size 1024K, 3 young (3072K), 3 survivors (3072K)
 Metaspace       used 45472K, capacity 45958K, committed 46080K, reserved 1089536K
  class space    used 5366K, capacity 5546K, committed 5632K, reserved 1048576K
}
Event: 6.896 GC heap before
{Heap before GC invocations=12 (full 0):
 garbage-first heap   total 74752K, used 53429K [0x00000000c4c00000, 0x0000000100000000)
  region size 1024K, 23 young (23552K), 3 survivors (3072K)
 Metaspace       used 46529K, capacity 47080K, committed 47232K, reserved 1091584K
  class space    used 5462K, capacity 5643K, committed 5760K, reserved 1048576K
}
Event: 6.904 GC heap after
{Heap after GC invocations=13 (full 0):
 garbage-first heap   total 74752K, used 33756K [0x00000000c4c00000, 0x0000000100000000)
  region size 1024K, 2 young (2048K), 2 survivors (2048K)
 Metaspace       used 46529K, capacity 47080K, committed 47232K, reserved 1091584K
  class space    used 5462K, capacity 5643K, committed 5760K, reserved 1048576K
}
Event: 7.857 GC heap before
{Heap before GC invocations=13 (full 0):
 garbage-first heap   total 74752K, used 53212K [0x00000000c4c00000, 0x0000000100000000)
  region size 1024K, 22 young (22528K), 2 survivors (2048K)
 Metaspace       used 48556K, capacity 49115K, committed 49408K, reserved 1093632K
  class space    used 5622K, capacity 5821K, committed 5888K, reserved 1048576K
}
Event: 7.869 GC heap after
{Heap after GC invocations=14 (full 0):
 garbage-first heap   total 74752K, used 37888K [0x00000000c4c00000, 0x0000000100000000)
  region size 1024K, 3 young (3072K), 3 survivors (3072K)
 Metaspace       used 48556K, capacity 49115K, committed 49408K, reserved 1093632K
  class space    used 5622K, capacity 5821K, committed 5888K, reserved 1048576K
}
Event: 8.464 GC heap before
{Heap before GC invocations=14 (full 0):
 garbage-first heap   total 74752K, used 57344K [0x00000000c4c00000, 0x0000000100000000)
  region size 1024K, 22 young (22528K), 3 survivors (3072K)
 Metaspace       used 49416K, capacity 49948K, committed 50176K, reserved 1093632K
  class space    used 5643K, capacity 5821K, committed 5888K, reserved 1048576K
}

